2023-05-09 22:13:50,061 - dist_train_voc_seg_neg.py - INFO: Pytorch version: 1.10.1
2023-05-09 22:13:52,300 - dist_train_voc_seg_neg.py - INFO: GPU type: NVIDIA A100-SXM4-40GB
2023-05-09 22:13:52,300 - dist_train_voc_seg_neg.py - INFO: 
args: Namespace(aux_layer=-3, backbone='deit_base_patch16_224', backend='nccl', betas=(0.9, 0.999), bkg_thre=0.5, cam_scales=(1.0, 0.5, 1.5), ckpt_dir='work_dir_voc/2023-05-09-22-13-50-061002/checkpoints', crop_size=448, data_folder='../VOCdevkit/VOC2012', eval_iters=2000, high_thre=0.7, ignore_index=255, list_folder='datasets/voc', local_rank=0, log_iters=200, low_thre=0.25, lr=6e-05, mask_rate=0.95, max_iters=20000, momentum=0.9, num_classes=21, num_workers=10, optimizer='PolyWarmupAdamW', pooling='gmp', power=0.9, pred_dir='work_dir_voc/2023-05-09-22-13-50-061002/predictions', pretrained=True, save_ckpt=True, scale=4, scales=(0.5, 2), seed=0, spg=1, temp=0.5, train_set='train_aug', val_set='val', w_ctc=0.5, w_ptc=0.2, w_reg=0.05, w_seg=0.1, warmup_iters=1500, warmup_lr=1e-06, work_dir='work_dir_voc/2023-05-09-22-13-50-061002', wt_decay=0.01)
2023-05-09 22:13:52,301 - distributed_c10d.py - INFO: Added key: store_based_barrier_key:1 to store for rank: 0
2023-05-09 22:13:52,322 - distributed_c10d.py - INFO: Rank 0: Completed store-based barrier for key:store_based_barrier_key:1 with 4 nodes.
2023-05-09 22:13:52,322 - dist_train_voc_seg_neg.py - INFO: Total gpus: 4, samples per gpu: 1...
2023-05-09 22:13:57,507 - dist_train_voc_seg_neg.py - INFO: 
Optimizer: 
PolyWarmupAdamW (
Parameter Group 0
    amsgrad: False
    betas: (0.9, 0.999)
    eps: 1e-08
    lr: 6e-05
    weight_decay: 0.01

Parameter Group 1
    amsgrad: False
    betas: (0.9, 0.999)
    eps: 1e-08
    lr: 6e-05
    weight_decay: 0.01

Parameter Group 2
    amsgrad: False
    betas: (0.9, 0.999)
    eps: 1e-08
    lr: 0.0006000000000000001
    weight_decay: 0.01

Parameter Group 3
    amsgrad: False
    betas: (0.9, 0.999)
    eps: 1e-08
    lr: 0.0006000000000000001
    weight_decay: 0.01
)
2023-05-09 22:15:25,535 - dist_train_voc_seg_neg.py - INFO: Iter: 200; Elasped: 0:01:33; ETA: 2:33:27; LR: 7.960e-06; cls_loss: 0.4183, cls_loss_aux: 0.5553, aff_loss: 0.4669, mcc_loss: 0.3376, seg_loss: 2.4565...
2023-05-09 22:16:49,053 - dist_train_voc_seg_neg.py - INFO: Iter: 400; Elasped: 0:02:57; ETA: 2:24:33; LR: 1.596e-05; cls_loss: 0.2467, cls_loss_aux: 0.2501, aff_loss: 0.4552, mcc_loss: 0.3214, seg_loss: 2.4455...
2023-05-09 22:18:12,464 - dist_train_voc_seg_neg.py - INFO: Iter: 600; Elasped: 0:04:20; ETA: 2:20:06; LR: 2.396e-05; cls_loss: 0.2291, cls_loss_aux: 0.2324, aff_loss: 0.4470, mcc_loss: 0.1827, seg_loss: 2.7292...
2023-05-09 22:19:35,731 - dist_train_voc_seg_neg.py - INFO: Iter: 800; Elasped: 0:05:43; ETA: 2:17:12; LR: 3.196e-05; cls_loss: 0.1729, cls_loss_aux: 0.1671, aff_loss: 0.4195, mcc_loss: 0.1099, seg_loss: 2.4527...
2023-05-09 22:20:59,222 - dist_train_voc_seg_neg.py - INFO: Iter: 1000; Elasped: 0:07:07; ETA: 2:15:13; LR: 3.996e-05; cls_loss: 0.1408, cls_loss_aux: 0.1725, aff_loss: 0.3724, mcc_loss: 0.2283, seg_loss: 2.6599...
2023-05-09 22:22:22,398 - dist_train_voc_seg_neg.py - INFO: Iter: 1200; Elasped: 0:08:30; ETA: 2:13:10; LR: 4.796e-05; cls_loss: 0.1271, cls_loss_aux: 0.1656, aff_loss: 0.3222, mcc_loss: 0.3454, seg_loss: 2.7474...
2023-05-09 22:23:45,668 - dist_train_voc_seg_neg.py - INFO: Iter: 1400; Elasped: 0:09:53; ETA: 2:11:18; LR: 5.596e-05; cls_loss: 0.1026, cls_loss_aux: 0.1441, aff_loss: 0.2778, mcc_loss: 0.3359, seg_loss: 2.8963...
2023-05-09 22:25:09,170 - dist_train_voc_seg_neg.py - INFO: Iter: 1600; Elasped: 0:11:17; ETA: 2:09:45; LR: 5.566e-05; cls_loss: 0.1017, cls_loss_aux: 0.1573, aff_loss: 0.2914, mcc_loss: 0.3588, seg_loss: 2.9343...
2023-05-09 22:26:32,311 - dist_train_voc_seg_neg.py - INFO: Iter: 1800; Elasped: 0:12:40; ETA: 2:08:04; LR: 5.512e-05; cls_loss: 0.1085, cls_loss_aux: 0.1481, aff_loss: 0.2662, mcc_loss: 0.3603, seg_loss: 2.9303...
2023-05-09 22:27:55,425 - dist_train_voc_seg_neg.py - INFO: Iter: 2000; Elasped: 0:14:03; ETA: 2:06:27; LR: 5.457e-05; cls_loss: 0.0853, cls_loss_aux: 0.1226, aff_loss: 0.2615, mcc_loss: 0.4997, seg_loss: 2.8934...
2023-05-09 22:27:55,425 - dist_train_voc_seg_neg.py - INFO: Validating...
2023-05-09 22:30:49,353 - dist_train_voc_seg_neg.py - INFO: val cls score: 0.841408
2023-05-09 22:30:49,353 - dist_train_voc_seg_neg.py - INFO: 
+--------------+--------+---------+----------+
|    Class     |  CAM   | aux_CAM | Seg_Pred |
+==============+========+=========+==========+
| _background_ | 65.202 | 81.962  | 6.030    |
+--------------+--------+---------+----------+
| aeroplane    | 41.068 | 69.371  | 0        |
+--------------+--------+---------+----------+
| bicycle      | 18.581 | 44.008  | 0        |
+--------------+--------+---------+----------+
| bird         | 16.736 | 62.088  | 0        |
+--------------+--------+---------+----------+
| boat         | 29.511 | 40.461  | 0.012    |
+--------------+--------+---------+----------+
| bottle       | 40.424 | 53.142  | 0        |
+--------------+--------+---------+----------+
| bus          | 63.859 | 72.015  | 0.006    |
+--------------+--------+---------+----------+
| car          | 39.922 | 58.204  | 0        |
+--------------+--------+---------+----------+
| cat          | 32.615 | 48.652  | 0.222    |
+--------------+--------+---------+----------+
| chair        | 19.653 | 25.109  | 0.502    |
+--------------+--------+---------+----------+
| cow          | 49.934 | 34.667  | 0.000    |
+--------------+--------+---------+----------+
| diningtable  | 39.996 | 27.918  | 0.234    |
+--------------+--------+---------+----------+
| dog          | 44.122 | 44.872  | 1.380    |
+--------------+--------+---------+----------+
| horse        | 43.573 | 55.948  | 0        |
+--------------+--------+---------+----------+
| motorbike    | 50.487 | 72.221  | 1.263    |
+--------------+--------+---------+----------+
| person       | 58.628 | 62.251  | 0.509    |
+--------------+--------+---------+----------+
| pottedplant  | 28.478 | 51.404  | 0.006    |
+--------------+--------+---------+----------+
| sheep        | 40.152 | 50.944  | 0.258    |
+--------------+--------+---------+----------+
| sofa         | 33.206 | 41.273  | 0.034    |
+--------------+--------+---------+----------+
| train        | 48.618 | 55.729  | 0        |
+--------------+--------+---------+----------+
| tvmonitor    | 24.502 | 32.551  | 0.349    |
+--------------+--------+---------+----------+
| mIoU         | 39.489 | 51.657  | 0.515    |
+--------------+--------+---------+----------+
2023-05-09 22:32:14,991 - dist_train_voc_seg_neg.py - INFO: Iter: 2200; Elasped: 0:18:22; ETA: 2:28:36; LR: 5.403e-05; cls_loss: 0.1054, cls_loss_aux: 0.1459, aff_loss: 0.3079, mcc_loss: 0.5012, seg_loss: 1.4651...
2023-05-09 22:33:38,572 - dist_train_voc_seg_neg.py - INFO: Iter: 2400; Elasped: 0:19:46; ETA: 2:24:57; LR: 5.348e-05; cls_loss: 0.0866, cls_loss_aux: 0.1232, aff_loss: 0.2715, mcc_loss: 0.1805, seg_loss: 0.7034...
2023-05-09 22:35:01,821 - dist_train_voc_seg_neg.py - INFO: Iter: 2600; Elasped: 0:21:09; ETA: 2:21:32; LR: 5.293e-05; cls_loss: 0.0945, cls_loss_aux: 0.1441, aff_loss: 0.3079, mcc_loss: 0.0921, seg_loss: 0.6444...
2023-05-09 22:36:26,583 - dist_train_voc_seg_neg.py - INFO: Iter: 2800; Elasped: 0:22:34; ETA: 2:18:37; LR: 5.239e-05; cls_loss: 0.0890, cls_loss_aux: 0.1195, aff_loss: 0.2609, mcc_loss: 0.0644, seg_loss: 0.4974...
2023-05-09 22:37:49,533 - dist_train_voc_seg_neg.py - INFO: Iter: 3000; Elasped: 0:23:57; ETA: 2:15:43; LR: 5.184e-05; cls_loss: 0.0967, cls_loss_aux: 0.1405, aff_loss: 0.2815, mcc_loss: 0.0712, seg_loss: 0.5548...
2023-05-09 22:39:12,393 - dist_train_voc_seg_neg.py - INFO: Iter: 3200; Elasped: 0:25:20; ETA: 2:13:00; LR: 5.129e-05; cls_loss: 0.0815, cls_loss_aux: 0.1207, aff_loss: 0.2774, mcc_loss: 0.0596, seg_loss: 0.4074...
2023-05-09 22:40:35,176 - dist_train_voc_seg_neg.py - INFO: Iter: 3400; Elasped: 0:26:43; ETA: 2:10:26; LR: 5.074e-05; cls_loss: 0.1020, cls_loss_aux: 0.1351, aff_loss: 0.2770, mcc_loss: 0.0745, seg_loss: 0.4812...
2023-05-09 22:41:57,816 - dist_train_voc_seg_neg.py - INFO: Iter: 3600; Elasped: 0:28:05; ETA: 2:07:56; LR: 5.019e-05; cls_loss: 0.0868, cls_loss_aux: 0.1213, aff_loss: 0.2561, mcc_loss: 0.0565, seg_loss: 0.4596...
2023-05-09 22:43:20,695 - dist_train_voc_seg_neg.py - INFO: Iter: 3800; Elasped: 0:29:28; ETA: 2:05:37; LR: 4.964e-05; cls_loss: 0.0835, cls_loss_aux: 0.1207, aff_loss: 0.2724, mcc_loss: 0.0743, seg_loss: 0.3795...
2023-05-09 22:44:43,350 - dist_train_voc_seg_neg.py - INFO: Iter: 4000; Elasped: 0:30:51; ETA: 2:03:24; LR: 4.909e-05; cls_loss: 0.0893, cls_loss_aux: 0.1269, aff_loss: 0.2489, mcc_loss: 0.0413, seg_loss: 0.4429...
2023-05-09 22:44:43,350 - dist_train_voc_seg_neg.py - INFO: Validating...
2023-05-09 22:47:37,309 - dist_train_voc_seg_neg.py - INFO: val cls score: 0.864770
2023-05-09 22:47:37,310 - dist_train_voc_seg_neg.py - INFO: 
+--------------+--------+---------+----------+
|    Class     |  CAM   | aux_CAM | Seg_Pred |
+==============+========+=========+==========+
| _background_ | 72.550 | 83.758  | 75.288   |
+--------------+--------+---------+----------+
| aeroplane    | 56.494 | 67.608  | 57.259   |
+--------------+--------+---------+----------+
| bicycle      | 22.616 | 45.973  | 21.047   |
+--------------+--------+---------+----------+
| bird         | 34.254 | 71.059  | 40.446   |
+--------------+--------+---------+----------+
| boat         | 33.555 | 55.573  | 32.588   |
+--------------+--------+---------+----------+
| bottle       | 51.724 | 50.986  | 53.043   |
+--------------+--------+---------+----------+
| bus          | 64.967 | 69.698  | 65.138   |
+--------------+--------+---------+----------+
| car          | 54.623 | 62.280  | 49.146   |
+--------------+--------+---------+----------+
| cat          | 51.560 | 38.638  | 52.768   |
+--------------+--------+---------+----------+
| chair        | 21.280 | 26.641  | 13.498   |
+--------------+--------+---------+----------+
| cow          | 57.132 | 54.344  | 55.193   |
+--------------+--------+---------+----------+
| diningtable  | 37.511 | 37.880  | 26.305   |
+--------------+--------+---------+----------+
| dog          | 57.066 | 62.008  | 50.270   |
+--------------+--------+---------+----------+
| horse        | 62.989 | 66.141  | 64.445   |
+--------------+--------+---------+----------+
| motorbike    | 53.338 | 66.288  | 59.065   |
+--------------+--------+---------+----------+
| person       | 52.939 | 51.367  | 50.970   |
+--------------+--------+---------+----------+
| pottedplant  | 31.408 | 56.370  | 29.382   |
+--------------+--------+---------+----------+
| sheep        | 56.739 | 59.899  | 52.058   |
+--------------+--------+---------+----------+
| sofa         | 34.222 | 40.798  | 18.857   |
+--------------+--------+---------+----------+
| train        | 47.361 | 54.830  | 42.555   |
+--------------+--------+---------+----------+
| tvmonitor    | 23.180 | 38.150  | 19.376   |
+--------------+--------+---------+----------+
| mIoU         | 46.548 | 55.252  | 44.224   |
+--------------+--------+---------+----------+
2023-05-09 22:49:01,732 - dist_train_voc_seg_neg.py - INFO: Iter: 4200; Elasped: 0:35:09; ETA: 2:12:13; LR: 4.853e-05; cls_loss: 0.0773, cls_loss_aux: 0.1090, aff_loss: 0.2380, mcc_loss: 0.0540, seg_loss: 0.4239...
2023-05-09 22:50:24,598 - dist_train_voc_seg_neg.py - INFO: Iter: 4400; Elasped: 0:36:32; ETA: 2:09:31; LR: 4.798e-05; cls_loss: 0.0748, cls_loss_aux: 0.1031, aff_loss: 0.2697, mcc_loss: 0.0422, seg_loss: 0.3498...
2023-05-09 22:51:47,618 - dist_train_voc_seg_neg.py - INFO: Iter: 4600; Elasped: 0:37:55; ETA: 2:06:56; LR: 4.743e-05; cls_loss: 0.0852, cls_loss_aux: 0.1063, aff_loss: 0.2859, mcc_loss: 0.0682, seg_loss: 0.4123...
2023-05-09 22:53:10,583 - dist_train_voc_seg_neg.py - INFO: Iter: 4800; Elasped: 0:39:18; ETA: 2:04:27; LR: 4.687e-05; cls_loss: 0.0809, cls_loss_aux: 0.1033, aff_loss: 0.2605, mcc_loss: 0.0291, seg_loss: 0.3057...
2023-05-09 22:54:33,587 - dist_train_voc_seg_neg.py - INFO: Iter: 5000; Elasped: 0:40:41; ETA: 2:02:03; LR: 4.632e-05; cls_loss: 0.0923, cls_loss_aux: 0.1189, aff_loss: 0.2419, mcc_loss: 0.0386, seg_loss: 0.4453...
2023-05-09 22:55:56,610 - dist_train_voc_seg_neg.py - INFO: Iter: 5200; Elasped: 0:42:04; ETA: 1:59:43; LR: 4.576e-05; cls_loss: 0.0695, cls_loss_aux: 0.0845, aff_loss: 0.2720, mcc_loss: 0.0454, seg_loss: 0.2643...
2023-05-09 22:57:21,908 - dist_train_voc_seg_neg.py - INFO: Iter: 5400; Elasped: 0:43:29; ETA: 1:57:33; LR: 4.520e-05; cls_loss: 0.0756, cls_loss_aux: 0.1003, aff_loss: 0.2633, mcc_loss: 0.0284, seg_loss: 0.2965...
2023-05-09 22:58:45,135 - dist_train_voc_seg_neg.py - INFO: Iter: 5600; Elasped: 0:44:53; ETA: 1:55:24; LR: 4.465e-05; cls_loss: 0.0603, cls_loss_aux: 0.0873, aff_loss: 0.2292, mcc_loss: 0.0247, seg_loss: 0.2543...
2023-05-09 23:00:07,720 - dist_train_voc_seg_neg.py - INFO: Iter: 5800; Elasped: 0:46:15; ETA: 1:53:13; LR: 4.409e-05; cls_loss: 0.0748, cls_loss_aux: 0.0910, aff_loss: 0.2378, mcc_loss: 0.0302, seg_loss: 0.3406...
2023-05-09 23:01:30,680 - dist_train_voc_seg_neg.py - INFO: Iter: 6000; Elasped: 0:47:38; ETA: 1:51:08; LR: 4.353e-05; cls_loss: 0.0837, cls_loss_aux: 0.1018, aff_loss: 0.2445, mcc_loss: 0.0249, seg_loss: 0.3761...
2023-05-09 23:01:30,680 - dist_train_voc_seg_neg.py - INFO: Validating...
2023-05-09 23:04:26,042 - dist_train_voc_seg_neg.py - INFO: val cls score: 0.882795
2023-05-09 23:04:26,042 - dist_train_voc_seg_neg.py - INFO: 
+--------------+--------+---------+----------+
|    Class     |  CAM   | aux_CAM | Seg_Pred |
+==============+========+=========+==========+
| _background_ | 81.374 | 84.003  | 81.350   |
+--------------+--------+---------+----------+
| aeroplane    | 72.697 | 72.159  | 68.728   |
+--------------+--------+---------+----------+
| bicycle      | 27.504 | 36.165  | 28.509   |
+--------------+--------+---------+----------+
| bird         | 51.908 | 72.765  | 47.441   |
+--------------+--------+---------+----------+
| boat         | 34.574 | 50.946  | 31.166   |
+--------------+--------+---------+----------+
| bottle       | 57.337 | 41.745  | 60.081   |
+--------------+--------+---------+----------+
| bus          | 71.306 | 68.475  | 73.191   |
+--------------+--------+---------+----------+
| car          | 70.730 | 65.164  | 65.622   |
+--------------+--------+---------+----------+
| cat          | 66.672 | 46.209  | 57.713   |
+--------------+--------+---------+----------+
| chair        | 29.006 | 29.906  | 12.883   |
+--------------+--------+---------+----------+
| cow          | 74.026 | 47.729  | 66.886   |
+--------------+--------+---------+----------+
| diningtable  | 47.886 | 46.338  | 38.864   |
+--------------+--------+---------+----------+
| dog          | 73.133 | 60.371  | 66.981   |
+--------------+--------+---------+----------+
| horse        | 79.109 | 68.408  | 69.736   |
+--------------+--------+---------+----------+
| motorbike    | 70.974 | 69.578  | 70.280   |
+--------------+--------+---------+----------+
| person       | 50.100 | 55.319  | 47.907   |
+--------------+--------+---------+----------+
| pottedplant  | 42.456 | 52.759  | 35.733   |
+--------------+--------+---------+----------+
| sheep        | 72.042 | 61.744  | 71.587   |
+--------------+--------+---------+----------+
| sofa         | 39.516 | 52.112  | 25.455   |
+--------------+--------+---------+----------+
| train        | 58.761 | 50.897  | 56.398   |
+--------------+--------+---------+----------+
| tvmonitor    | 30.482 | 50.376  | 27.448   |
+--------------+--------+---------+----------+
| mIoU         | 57.219 | 56.341  | 52.570   |
+--------------+--------+---------+----------+
2023-05-09 23:05:49,499 - dist_train_voc_seg_neg.py - INFO: Iter: 6200; Elasped: 0:51:57; ETA: 1:55:37; LR: 4.297e-05; cls_loss: 0.0776, cls_loss_aux: 0.1017, aff_loss: 0.2608, mcc_loss: 0.0154, seg_loss: 0.3049...
2023-05-09 23:07:12,673 - dist_train_voc_seg_neg.py - INFO: Iter: 6400; Elasped: 0:53:20; ETA: 1:53:20; LR: 4.241e-05; cls_loss: 0.0721, cls_loss_aux: 0.0935, aff_loss: 0.2575, mcc_loss: 0.0312, seg_loss: 0.2978...
2023-05-09 23:08:35,788 - dist_train_voc_seg_neg.py - INFO: Iter: 6600; Elasped: 0:54:43; ETA: 1:51:05; LR: 4.185e-05; cls_loss: 0.0722, cls_loss_aux: 0.0917, aff_loss: 0.2410, mcc_loss: 0.0128, seg_loss: 0.3081...
2023-05-09 23:09:58,298 - dist_train_voc_seg_neg.py - INFO: Iter: 6800; Elasped: 0:56:06; ETA: 1:48:54; LR: 4.128e-05; cls_loss: 0.0723, cls_loss_aux: 0.0949, aff_loss: 0.2668, mcc_loss: 0.0153, seg_loss: 0.2611...
2023-05-09 23:11:21,131 - dist_train_voc_seg_neg.py - INFO: Iter: 7000; Elasped: 0:57:29; ETA: 1:46:45; LR: 4.072e-05; cls_loss: 0.0797, cls_loss_aux: 0.1035, aff_loss: 0.2777, mcc_loss: 0.0307, seg_loss: 0.3673...
2023-05-09 23:12:44,266 - dist_train_voc_seg_neg.py - INFO: Iter: 7200; Elasped: 0:58:52; ETA: 1:44:39; LR: 4.016e-05; cls_loss: 0.0649, cls_loss_aux: 0.0819, aff_loss: 0.2395, mcc_loss: 0.0313, seg_loss: 0.2939...
2023-05-09 23:14:07,422 - dist_train_voc_seg_neg.py - INFO: Iter: 7400; Elasped: 1:00:15; ETA: 1:42:35; LR: 3.959e-05; cls_loss: 0.0598, cls_loss_aux: 0.0725, aff_loss: 0.2240, mcc_loss: 0.0163, seg_loss: 0.2333...
2023-05-09 23:15:30,193 - dist_train_voc_seg_neg.py - INFO: Iter: 7600; Elasped: 1:01:38; ETA: 1:40:33; LR: 3.902e-05; cls_loss: 0.0699, cls_loss_aux: 0.0843, aff_loss: 0.2297, mcc_loss: 0.0138, seg_loss: 0.2307...
2023-05-09 23:16:53,541 - dist_train_voc_seg_neg.py - INFO: Iter: 7800; Elasped: 1:03:01; ETA: 1:38:33; LR: 3.846e-05; cls_loss: 0.0768, cls_loss_aux: 0.0917, aff_loss: 0.2400, mcc_loss: 0.0614, seg_loss: 0.2868...
2023-05-09 23:18:18,892 - dist_train_voc_seg_neg.py - INFO: Iter: 8000; Elasped: 1:04:26; ETA: 1:36:39; LR: 3.789e-05; cls_loss: 0.0669, cls_loss_aux: 0.0874, aff_loss: 0.2290, mcc_loss: 0.0464, seg_loss: 0.2293...
2023-05-09 23:18:18,892 - dist_train_voc_seg_neg.py - INFO: Validating...
2023-05-09 23:21:14,292 - dist_train_voc_seg_neg.py - INFO: val cls score: 0.887351
2023-05-09 23:21:14,292 - dist_train_voc_seg_neg.py - INFO: 
+--------------+--------+---------+----------+
|    Class     |  CAM   | aux_CAM | Seg_Pred |
+==============+========+=========+==========+
| _background_ | 83.128 | 85.176  | 82.961   |
+--------------+--------+---------+----------+
| aeroplane    | 69.042 | 72.774  | 68.893   |
+--------------+--------+---------+----------+
| bicycle      | 27.771 | 40.280  | 28.675   |
+--------------+--------+---------+----------+
| bird         | 61.499 | 73.933  | 62.118   |
+--------------+--------+---------+----------+
| boat         | 30.982 | 49.950  | 29.655   |
+--------------+--------+---------+----------+
| bottle       | 67.020 | 60.072  | 67.065   |
+--------------+--------+---------+----------+
| bus          | 72.154 | 72.982  | 72.132   |
+--------------+--------+---------+----------+
| car          | 79.758 | 69.982  | 75.357   |
+--------------+--------+---------+----------+
| cat          | 75.113 | 42.222  | 76.663   |
+--------------+--------+---------+----------+
| chair        | 33.757 | 33.054  | 21.235   |
+--------------+--------+---------+----------+
| cow          | 82.034 | 61.449  | 76.424   |
+--------------+--------+---------+----------+
| diningtable  | 55.258 | 50.829  | 45.952   |
+--------------+--------+---------+----------+
| dog          | 81.616 | 59.697  | 76.312   |
+--------------+--------+---------+----------+
| horse        | 82.635 | 72.111  | 73.742   |
+--------------+--------+---------+----------+
| motorbike    | 71.103 | 69.984  | 71.564   |
+--------------+--------+---------+----------+
| person       | 56.715 | 59.376  | 48.839   |
+--------------+--------+---------+----------+
| pottedplant  | 55.114 | 60.345  | 48.876   |
+--------------+--------+---------+----------+
| sheep        | 73.718 | 63.096  | 74.840   |
+--------------+--------+---------+----------+
| sofa         | 44.299 | 58.920  | 33.215   |
+--------------+--------+---------+----------+
| train        | 56.694 | 51.911  | 53.418   |
+--------------+--------+---------+----------+
| tvmonitor    | 31.540 | 54.964  | 29.485   |
+--------------+--------+---------+----------+
| mIoU         | 61.474 | 60.148  | 57.972   |
+--------------+--------+---------+----------+
2023-05-09 23:22:38,514 - dist_train_voc_seg_neg.py - INFO: Iter: 8200; Elasped: 1:08:46; ETA: 1:38:57; LR: 3.732e-05; cls_loss: 0.0549, cls_loss_aux: 0.0705, aff_loss: 0.2574, mcc_loss: 0.0269, seg_loss: 0.2101...
2023-05-09 23:24:01,527 - dist_train_voc_seg_neg.py - INFO: Iter: 8400; Elasped: 1:10:09; ETA: 1:36:52; LR: 3.675e-05; cls_loss: 0.0529, cls_loss_aux: 0.0624, aff_loss: 0.2259, mcc_loss: 0.1027, seg_loss: 0.2316...
2023-05-09 23:25:24,322 - dist_train_voc_seg_neg.py - INFO: Iter: 8600; Elasped: 1:11:32; ETA: 1:34:49; LR: 3.618e-05; cls_loss: 0.0621, cls_loss_aux: 0.0739, aff_loss: 0.2201, mcc_loss: 0.1569, seg_loss: 0.1921...
2023-05-09 23:26:47,572 - dist_train_voc_seg_neg.py - INFO: Iter: 8800; Elasped: 1:12:55; ETA: 1:32:48; LR: 3.561e-05; cls_loss: 0.0570, cls_loss_aux: 0.0707, aff_loss: 0.2220, mcc_loss: 0.1662, seg_loss: 0.2126...
2023-05-09 23:28:10,435 - dist_train_voc_seg_neg.py - INFO: Iter: 9000; Elasped: 1:14:18; ETA: 1:30:48; LR: 3.504e-05; cls_loss: 0.0679, cls_loss_aux: 0.0840, aff_loss: 0.2439, mcc_loss: 0.4291, seg_loss: 0.1850...
2023-05-09 23:29:33,081 - dist_train_voc_seg_neg.py - INFO: Iter: 9200; Elasped: 1:15:41; ETA: 1:28:50; LR: 3.446e-05; cls_loss: 0.0710, cls_loss_aux: 0.0849, aff_loss: 0.2475, mcc_loss: 0.3498, seg_loss: 0.2762...
2023-05-09 23:30:55,814 - dist_train_voc_seg_neg.py - INFO: Iter: 9400; Elasped: 1:17:03; ETA: 1:26:53; LR: 3.389e-05; cls_loss: 0.0558, cls_loss_aux: 0.0709, aff_loss: 0.2474, mcc_loss: 0.2634, seg_loss: 0.2354...
2023-05-09 23:32:18,711 - dist_train_voc_seg_neg.py - INFO: Iter: 9600; Elasped: 1:18:26; ETA: 1:24:58; LR: 3.331e-05; cls_loss: 0.0587, cls_loss_aux: 0.0747, aff_loss: 0.2276, mcc_loss: 0.0092, seg_loss: 0.2180...
2023-05-09 23:33:41,527 - dist_train_voc_seg_neg.py - INFO: Iter: 9800; Elasped: 1:19:49; ETA: 1:23:04; LR: 3.273e-05; cls_loss: 0.0624, cls_loss_aux: 0.0741, aff_loss: 0.2495, mcc_loss: 0.0404, seg_loss: 0.2890...
2023-05-09 23:35:04,562 - dist_train_voc_seg_neg.py - INFO: Iter: 10000; Elasped: 1:21:12; ETA: 1:21:12; LR: 3.216e-05; cls_loss: 0.0642, cls_loss_aux: 0.0748, aff_loss: 0.2143, mcc_loss: 0.2117, seg_loss: 0.1970...
2023-05-09 23:35:04,562 - dist_train_voc_seg_neg.py - INFO: Validating...
2023-05-09 23:37:58,677 - dist_train_voc_seg_neg.py - INFO: val cls score: 0.889269
2023-05-09 23:37:58,677 - dist_train_voc_seg_neg.py - INFO: 
+--------------+--------+---------+----------+
|    Class     |  CAM   | aux_CAM | Seg_Pred |
+==============+========+=========+==========+
| _background_ | 82.438 | 85.258  | 82.831   |
+--------------+--------+---------+----------+
| aeroplane    | 71.947 | 75.072  | 73.724   |
+--------------+--------+---------+----------+
| bicycle      | 21.626 | 38.637  | 21.828   |
+--------------+--------+---------+----------+
| bird         | 50.289 | 67.375  | 54.017   |
+--------------+--------+---------+----------+
| boat         | 34.071 | 55.441  | 32.391   |
+--------------+--------+---------+----------+
| bottle       | 57.732 | 50.248  | 54.533   |
+--------------+--------+---------+----------+
| bus          | 74.308 | 75.439  | 77.054   |
+--------------+--------+---------+----------+
| car          | 75.692 | 65.083  | 67.019   |
+--------------+--------+---------+----------+
| cat          | 74.501 | 48.493  | 79.047   |
+--------------+--------+---------+----------+
| chair        | 33.261 | 34.044  | 18.038   |
+--------------+--------+---------+----------+
| cow          | 78.221 | 60.086  | 64.464   |
+--------------+--------+---------+----------+
| diningtable  | 55.850 | 47.321  | 44.099   |
+--------------+--------+---------+----------+
| dog          | 76.422 | 59.679  | 69.905   |
+--------------+--------+---------+----------+
| horse        | 75.554 | 60.574  | 70.875   |
+--------------+--------+---------+----------+
| motorbike    | 64.886 | 64.287  | 68.417   |
+--------------+--------+---------+----------+
| person       | 62.732 | 61.885  | 58.266   |
+--------------+--------+---------+----------+
| pottedplant  | 51.956 | 61.929  | 48.959   |
+--------------+--------+---------+----------+
| sheep        | 65.412 | 60.830  | 68.606   |
+--------------+--------+---------+----------+
| sofa         | 48.764 | 62.765  | 31.458   |
+--------------+--------+---------+----------+
| train        | 57.250 | 53.868  | 56.553   |
+--------------+--------+---------+----------+
| tvmonitor    | 33.916 | 57.030  | 30.416   |
+--------------+--------+---------+----------+
| mIoU         | 59.373 | 59.302  | 55.833   |
+--------------+--------+---------+----------+
2023-05-09 23:39:23,780 - dist_train_voc_seg_neg.py - INFO: Iter: 10200; Elasped: 1:25:31; ETA: 1:22:09; LR: 3.158e-05; cls_loss: 0.0642, cls_loss_aux: 0.0707, aff_loss: 0.2357, mcc_loss: 0.2643, seg_loss: 0.2383...
2023-05-09 23:40:47,111 - dist_train_voc_seg_neg.py - INFO: Iter: 10400; Elasped: 1:26:55; ETA: 1:20:13; LR: 3.100e-05; cls_loss: 0.0647, cls_loss_aux: 0.0711, aff_loss: 0.2356, mcc_loss: 0.2112, seg_loss: 0.1780...
2023-05-09 23:42:11,664 - dist_train_voc_seg_neg.py - INFO: Iter: 10600; Elasped: 1:28:19; ETA: 1:18:19; LR: 3.041e-05; cls_loss: 0.0583, cls_loss_aux: 0.0717, aff_loss: 0.2530, mcc_loss: 0.1891, seg_loss: 0.2230...
2023-05-09 23:43:35,145 - dist_train_voc_seg_neg.py - INFO: Iter: 10800; Elasped: 1:29:43; ETA: 1:16:25; LR: 2.983e-05; cls_loss: 0.0711, cls_loss_aux: 0.0809, aff_loss: 0.2198, mcc_loss: 0.2264, seg_loss: 0.2546...
2023-05-09 23:44:57,913 - dist_train_voc_seg_neg.py - INFO: Iter: 11000; Elasped: 1:31:05; ETA: 1:14:31; LR: 2.925e-05; cls_loss: 0.0512, cls_loss_aux: 0.0552, aff_loss: 0.2377, mcc_loss: 0.2434, seg_loss: 0.1709...
2023-05-09 23:46:20,459 - dist_train_voc_seg_neg.py - INFO: Iter: 11200; Elasped: 1:32:28; ETA: 1:12:39; LR: 2.866e-05; cls_loss: 0.0481, cls_loss_aux: 0.0592, aff_loss: 0.2425, mcc_loss: 0.1633, seg_loss: 0.1756...
2023-05-09 23:47:43,195 - dist_train_voc_seg_neg.py - INFO: Iter: 11400; Elasped: 1:33:51; ETA: 1:10:47; LR: 2.807e-05; cls_loss: 0.0610, cls_loss_aux: 0.0673, aff_loss: 0.2602, mcc_loss: 0.1926, seg_loss: 0.2365...
2023-05-09 23:49:06,016 - dist_train_voc_seg_neg.py - INFO: Iter: 11600; Elasped: 1:35:14; ETA: 1:08:57; LR: 2.749e-05; cls_loss: 0.0593, cls_loss_aux: 0.0676, aff_loss: 0.2164, mcc_loss: 0.1226, seg_loss: 0.2285...
2023-05-09 23:50:28,779 - dist_train_voc_seg_neg.py - INFO: Iter: 11800; Elasped: 1:36:36; ETA: 1:07:07; LR: 2.690e-05; cls_loss: 0.0655, cls_loss_aux: 0.0756, aff_loss: 0.2112, mcc_loss: 0.2066, seg_loss: 0.1949...
2023-05-09 23:51:51,707 - dist_train_voc_seg_neg.py - INFO: Iter: 12000; Elasped: 1:37:59; ETA: 1:05:19; LR: 2.631e-05; cls_loss: 0.0630, cls_loss_aux: 0.0713, aff_loss: 0.2232, mcc_loss: 0.2481, seg_loss: 0.2467...
2023-05-09 23:51:51,707 - dist_train_voc_seg_neg.py - INFO: Validating...
2023-05-09 23:54:44,531 - dist_train_voc_seg_neg.py - INFO: val cls score: 0.892411
2023-05-09 23:54:44,531 - dist_train_voc_seg_neg.py - INFO: 
+--------------+--------+---------+----------+
|    Class     |  CAM   | aux_CAM | Seg_Pred |
+==============+========+=========+==========+
| _background_ | 86.990 | 85.503  | 86.070   |
+--------------+--------+---------+----------+
| aeroplane    | 74.072 | 77.328  | 75.014   |
+--------------+--------+---------+----------+
| bicycle      | 35.157 | 37.461  | 37.603   |
+--------------+--------+---------+----------+
| bird         | 73.157 | 69.060  | 72.634   |
+--------------+--------+---------+----------+
| boat         | 30.656 | 50.107  | 28.294   |
+--------------+--------+---------+----------+
| bottle       | 67.292 | 55.043  | 65.619   |
+--------------+--------+---------+----------+
| bus          | 81.653 | 74.426  | 79.433   |
+--------------+--------+---------+----------+
| car          | 80.705 | 64.671  | 76.439   |
+--------------+--------+---------+----------+
| cat          | 78.557 | 45.093  | 79.221   |
+--------------+--------+---------+----------+
| chair        | 44.546 | 40.939  | 26.162   |
+--------------+--------+---------+----------+
| cow          | 85.413 | 60.252  | 79.110   |
+--------------+--------+---------+----------+
| diningtable  | 53.436 | 50.429  | 44.840   |
+--------------+--------+---------+----------+
| dog          | 83.485 | 66.059  | 80.552   |
+--------------+--------+---------+----------+
| horse        | 82.187 | 62.866  | 78.209   |
+--------------+--------+---------+----------+
| motorbike    | 78.083 | 63.751  | 75.306   |
+--------------+--------+---------+----------+
| person       | 60.906 | 65.582  | 55.170   |
+--------------+--------+---------+----------+
| pottedplant  | 59.329 | 57.832  | 51.818   |
+--------------+--------+---------+----------+
| sheep        | 82.380 | 65.940  | 79.311   |
+--------------+--------+---------+----------+
| sofa         | 63.558 | 54.702  | 42.407   |
+--------------+--------+---------+----------+
| train        | 57.259 | 51.763  | 55.923   |
+--------------+--------+---------+----------+
| tvmonitor    | 41.457 | 57.336  | 38.227   |
+--------------+--------+---------+----------+
| mIoU         | 66.680 | 59.816  | 62.255   |
+--------------+--------+---------+----------+
2023-05-09 23:56:10,957 - dist_train_voc_seg_neg.py - INFO: Iter: 12200; Elasped: 1:42:18; ETA: 1:05:24; LR: 2.571e-05; cls_loss: 0.0617, cls_loss_aux: 0.0660, aff_loss: 0.2390, mcc_loss: 0.1372, seg_loss: 0.1964...
2023-05-09 23:57:33,543 - dist_train_voc_seg_neg.py - INFO: Iter: 12400; Elasped: 1:43:41; ETA: 1:03:32; LR: 2.512e-05; cls_loss: 0.0458, cls_loss_aux: 0.0525, aff_loss: 0.2119, mcc_loss: 0.1578, seg_loss: 0.1284...
2023-05-09 23:58:56,505 - dist_train_voc_seg_neg.py - INFO: Iter: 12600; Elasped: 1:45:04; ETA: 1:01:42; LR: 2.452e-05; cls_loss: 0.0511, cls_loss_aux: 0.0579, aff_loss: 0.2547, mcc_loss: 0.1742, seg_loss: 0.1300...
2023-05-10 00:00:19,448 - dist_train_voc_seg_neg.py - INFO: Iter: 12800; Elasped: 1:46:27; ETA: 0:59:52; LR: 2.393e-05; cls_loss: 0.0500, cls_loss_aux: 0.0598, aff_loss: 0.2400, mcc_loss: 0.1686, seg_loss: 0.1548...
2023-05-10 00:01:42,393 - dist_train_voc_seg_neg.py - INFO: Iter: 13000; Elasped: 1:47:50; ETA: 0:58:03; LR: 2.333e-05; cls_loss: 0.0511, cls_loss_aux: 0.0537, aff_loss: 0.2389, mcc_loss: 0.1844, seg_loss: 0.1297...
2023-05-10 00:03:05,314 - dist_train_voc_seg_neg.py - INFO: Iter: 13200; Elasped: 1:49:13; ETA: 0:56:15; LR: 2.273e-05; cls_loss: 0.0506, cls_loss_aux: 0.0525, aff_loss: 0.2077, mcc_loss: 0.1603, seg_loss: 0.1598...
2023-05-10 00:04:30,866 - dist_train_voc_seg_neg.py - INFO: Iter: 13400; Elasped: 1:50:38; ETA: 0:54:29; LR: 2.212e-05; cls_loss: 0.0452, cls_loss_aux: 0.0499, aff_loss: 0.2434, mcc_loss: 0.1405, seg_loss: 0.1507...
2023-05-10 00:05:53,452 - dist_train_voc_seg_neg.py - INFO: Iter: 13600; Elasped: 1:52:01; ETA: 0:52:42; LR: 2.152e-05; cls_loss: 0.0483, cls_loss_aux: 0.0535, aff_loss: 0.2193, mcc_loss: 0.2115, seg_loss: 0.1423...
2023-05-10 00:07:16,520 - dist_train_voc_seg_neg.py - INFO: Iter: 13800; Elasped: 1:53:24; ETA: 0:50:56; LR: 2.091e-05; cls_loss: 0.0577, cls_loss_aux: 0.0632, aff_loss: 0.2454, mcc_loss: 0.1464, seg_loss: 0.2139...
2023-05-10 00:08:39,420 - dist_train_voc_seg_neg.py - INFO: Iter: 14000; Elasped: 1:54:47; ETA: 0:49:11; LR: 2.031e-05; cls_loss: 0.0573, cls_loss_aux: 0.0552, aff_loss: 0.2662, mcc_loss: 0.1751, seg_loss: 0.2062...
2023-05-10 00:08:39,420 - dist_train_voc_seg_neg.py - INFO: Validating...
2023-05-10 00:11:32,322 - dist_train_voc_seg_neg.py - INFO: val cls score: 0.913481
2023-05-10 00:11:32,322 - dist_train_voc_seg_neg.py - INFO: 
+--------------+--------+---------+----------+
|    Class     |  CAM   | aux_CAM | Seg_Pred |
+==============+========+=========+==========+
| _background_ | 88.311 | 85.994  | 87.855   |
+--------------+--------+---------+----------+
| aeroplane    | 77.403 | 75.638  | 78.544   |
+--------------+--------+---------+----------+
| bicycle      | 33.569 | 39.795  | 34.234   |
+--------------+--------+---------+----------+
| bird         | 77.444 | 66.784  | 76.884   |
+--------------+--------+---------+----------+
| boat         | 39.946 | 56.043  | 37.317   |
+--------------+--------+---------+----------+
| bottle       | 66.938 | 57.248  | 71.133   |
+--------------+--------+---------+----------+
| bus          | 81.599 | 68.931  | 79.180   |
+--------------+--------+---------+----------+
| car          | 80.825 | 67.279  | 75.052   |
+--------------+--------+---------+----------+
| cat          | 79.634 | 46.907  | 81.416   |
+--------------+--------+---------+----------+
| chair        | 39.358 | 36.278  | 23.313   |
+--------------+--------+---------+----------+
| cow          | 85.698 | 61.130  | 83.418   |
+--------------+--------+---------+----------+
| diningtable  | 56.600 | 53.134  | 50.236   |
+--------------+--------+---------+----------+
| dog          | 86.297 | 70.901  | 83.637   |
+--------------+--------+---------+----------+
| horse        | 82.968 | 69.143  | 77.778   |
+--------------+--------+---------+----------+
| motorbike    | 75.090 | 65.758  | 72.617   |
+--------------+--------+---------+----------+
| person       | 66.163 | 70.069  | 58.689   |
+--------------+--------+---------+----------+
| pottedplant  | 60.178 | 62.120  | 53.254   |
+--------------+--------+---------+----------+
| sheep        | 85.269 | 61.315  | 82.292   |
+--------------+--------+---------+----------+
| sofa         | 62.307 | 66.040  | 41.869   |
+--------------+--------+---------+----------+
| train        | 55.956 | 44.849  | 55.267   |
+--------------+--------+---------+----------+
| tvmonitor    | 48.901 | 55.610  | 47.109   |
+--------------+--------+---------+----------+
| mIoU         | 68.117 | 60.998  | 64.338   |
+--------------+--------+---------+----------+
2023-05-10 00:12:58,444 - dist_train_voc_seg_neg.py - INFO: Iter: 14200; Elasped: 1:59:06; ETA: 0:48:38; LR: 1.970e-05; cls_loss: 0.0502, cls_loss_aux: 0.0524, aff_loss: 0.2257, mcc_loss: 0.1996, seg_loss: 0.1462...
2023-05-10 00:14:21,815 - dist_train_voc_seg_neg.py - INFO: Iter: 14400; Elasped: 2:00:29; ETA: 0:46:51; LR: 1.908e-05; cls_loss: 0.0532, cls_loss_aux: 0.0610, aff_loss: 0.1973, mcc_loss: 0.1474, seg_loss: 0.1555...
2023-05-10 00:15:44,791 - dist_train_voc_seg_neg.py - INFO: Iter: 14600; Elasped: 2:01:52; ETA: 0:45:04; LR: 1.847e-05; cls_loss: 0.0448, cls_loss_aux: 0.0521, aff_loss: 0.2238, mcc_loss: 0.1377, seg_loss: 0.1401...
2023-05-10 00:17:08,060 - dist_train_voc_seg_neg.py - INFO: Iter: 14800; Elasped: 2:03:16; ETA: 0:43:18; LR: 1.785e-05; cls_loss: 0.0367, cls_loss_aux: 0.0423, aff_loss: 0.2095, mcc_loss: 0.1185, seg_loss: 0.1178...
2023-05-10 00:18:31,294 - dist_train_voc_seg_neg.py - INFO: Iter: 15000; Elasped: 2:04:39; ETA: 0:41:33; LR: 1.723e-05; cls_loss: 0.0464, cls_loss_aux: 0.0502, aff_loss: 0.2271, mcc_loss: 0.1481, seg_loss: 0.1332...
2023-05-10 00:19:54,087 - dist_train_voc_seg_neg.py - INFO: Iter: 15200; Elasped: 2:06:02; ETA: 0:39:48; LR: 1.661e-05; cls_loss: 0.0465, cls_loss_aux: 0.0535, aff_loss: 0.2115, mcc_loss: 0.1626, seg_loss: 0.1372...
2023-05-10 00:21:17,237 - dist_train_voc_seg_neg.py - INFO: Iter: 15400; Elasped: 2:07:25; ETA: 0:38:03; LR: 1.599e-05; cls_loss: 0.0528, cls_loss_aux: 0.0541, aff_loss: 0.2251, mcc_loss: 0.2126, seg_loss: 0.1542...
2023-05-10 00:22:40,238 - dist_train_voc_seg_neg.py - INFO: Iter: 15600; Elasped: 2:08:48; ETA: 0:36:19; LR: 1.536e-05; cls_loss: 0.0486, cls_loss_aux: 0.0554, aff_loss: 0.2314, mcc_loss: 0.1699, seg_loss: 0.1562...
2023-05-10 00:24:03,308 - dist_train_voc_seg_neg.py - INFO: Iter: 15800; Elasped: 2:10:11; ETA: 0:34:36; LR: 1.473e-05; cls_loss: 0.0365, cls_loss_aux: 0.0406, aff_loss: 0.2368, mcc_loss: 0.1674, seg_loss: 0.1060...
2023-05-10 00:25:28,621 - dist_train_voc_seg_neg.py - INFO: Iter: 16000; Elasped: 2:11:36; ETA: 0:32:54; LR: 1.410e-05; cls_loss: 0.0509, cls_loss_aux: 0.0529, aff_loss: 0.2357, mcc_loss: 0.1360, seg_loss: 0.1225...
2023-05-10 00:25:28,621 - dist_train_voc_seg_neg.py - INFO: Validating...
2023-05-10 00:28:21,817 - dist_train_voc_seg_neg.py - INFO: val cls score: 0.913564
2023-05-10 00:28:21,817 - dist_train_voc_seg_neg.py - INFO: 
+--------------+--------+---------+----------+
|    Class     |  CAM   | aux_CAM | Seg_Pred |
+==============+========+=========+==========+
| _background_ | 89.142 | 86.669  | 88.446   |
+--------------+--------+---------+----------+
| aeroplane    | 77.871 | 75.582  | 80.496   |
+--------------+--------+---------+----------+
| bicycle      | 31.578 | 33.651  | 31.516   |
+--------------+--------+---------+----------+
| bird         | 77.340 | 72.802  | 77.628   |
+--------------+--------+---------+----------+
| boat         | 48.020 | 58.244  | 43.283   |
+--------------+--------+---------+----------+
| bottle       | 71.279 | 60.327  | 71.385   |
+--------------+--------+---------+----------+
| bus          | 80.069 | 75.174  | 78.995   |
+--------------+--------+---------+----------+
| car          | 79.999 | 68.666  | 75.808   |
+--------------+--------+---------+----------+
| cat          | 84.450 | 57.508  | 87.401   |
+--------------+--------+---------+----------+
| chair        | 43.539 | 38.716  | 25.748   |
+--------------+--------+---------+----------+
| cow          | 86.836 | 66.202  | 83.344   |
+--------------+--------+---------+----------+
| diningtable  | 59.336 | 53.395  | 53.953   |
+--------------+--------+---------+----------+
| dog          | 86.104 | 69.098  | 84.296   |
+--------------+--------+---------+----------+
| horse        | 82.035 | 66.140  | 76.770   |
+--------------+--------+---------+----------+
| motorbike    | 74.263 | 66.184  | 70.742   |
+--------------+--------+---------+----------+
| person       | 74.625 | 68.240  | 72.275   |
+--------------+--------+---------+----------+
| pottedplant  | 59.782 | 62.380  | 52.134   |
+--------------+--------+---------+----------+
| sheep        | 83.897 | 62.709  | 83.404   |
+--------------+--------+---------+----------+
| sofa         | 63.747 | 63.372  | 43.283   |
+--------------+--------+---------+----------+
| train        | 58.311 | 47.296  | 57.070   |
+--------------+--------+---------+----------+
| tvmonitor    | 47.384 | 56.218  | 43.561   |
+--------------+--------+---------+----------+
| mIoU         | 69.505 | 62.313  | 65.788   |
+--------------+--------+---------+----------+
2023-05-10 00:29:49,223 - dist_train_voc_seg_neg.py - INFO: Iter: 16200; Elasped: 2:15:57; ETA: 0:31:53; LR: 1.346e-05; cls_loss: 0.0458, cls_loss_aux: 0.0504, aff_loss: 0.2137, mcc_loss: 0.1381, seg_loss: 0.1162...
2023-05-10 00:31:12,239 - dist_train_voc_seg_neg.py - INFO: Iter: 16400; Elasped: 2:17:20; ETA: 0:30:08; LR: 1.282e-05; cls_loss: 0.0350, cls_loss_aux: 0.0369, aff_loss: 0.2125, mcc_loss: 0.1264, seg_loss: 0.1244...
2023-05-10 00:32:35,330 - dist_train_voc_seg_neg.py - INFO: Iter: 16600; Elasped: 2:18:43; ETA: 0:28:24; LR: 1.218e-05; cls_loss: 0.0385, cls_loss_aux: 0.0415, aff_loss: 0.1974, mcc_loss: 0.1079, seg_loss: 0.1437...
2023-05-10 00:33:58,367 - dist_train_voc_seg_neg.py - INFO: Iter: 16800; Elasped: 2:20:06; ETA: 0:26:41; LR: 1.153e-05; cls_loss: 0.0412, cls_loss_aux: 0.0403, aff_loss: 0.2134, mcc_loss: 0.1058, seg_loss: 0.1045...
2023-05-10 00:35:21,085 - dist_train_voc_seg_neg.py - INFO: Iter: 17000; Elasped: 2:21:29; ETA: 0:24:58; LR: 1.088e-05; cls_loss: 0.0348, cls_loss_aux: 0.0407, aff_loss: 0.1961, mcc_loss: 0.1254, seg_loss: 0.1633...
2023-05-10 00:36:44,034 - dist_train_voc_seg_neg.py - INFO: Iter: 17200; Elasped: 2:22:52; ETA: 0:23:15; LR: 1.023e-05; cls_loss: 0.0328, cls_loss_aux: 0.0385, aff_loss: 0.2367, mcc_loss: 0.1318, seg_loss: 0.1060...
2023-05-10 00:38:06,803 - dist_train_voc_seg_neg.py - INFO: Iter: 17400; Elasped: 2:24:14; ETA: 0:21:33; LR: 9.569e-06; cls_loss: 0.0443, cls_loss_aux: 0.0460, aff_loss: 0.2475, mcc_loss: 0.1355, seg_loss: 0.1072...
2023-05-10 00:39:29,895 - dist_train_voc_seg_neg.py - INFO: Iter: 17600; Elasped: 2:25:37; ETA: 0:19:51; LR: 8.904e-06; cls_loss: 0.0359, cls_loss_aux: 0.0379, aff_loss: 0.2330, mcc_loss: 0.1367, seg_loss: 0.0940...
2023-05-10 00:40:52,534 - dist_train_voc_seg_neg.py - INFO: Iter: 17800; Elasped: 2:27:00; ETA: 0:18:10; LR: 8.233e-06; cls_loss: 0.0353, cls_loss_aux: 0.0364, aff_loss: 0.2215, mcc_loss: 0.1548, seg_loss: 0.1544...
2023-05-10 00:42:15,405 - dist_train_voc_seg_neg.py - INFO: Iter: 18000; Elasped: 2:28:23; ETA: 0:16:29; LR: 7.557e-06; cls_loss: 0.0498, cls_loss_aux: 0.0528, aff_loss: 0.2379, mcc_loss: 0.1353, seg_loss: 0.1478...
2023-05-10 00:42:15,405 - dist_train_voc_seg_neg.py - INFO: Validating...
2023-05-10 00:45:08,518 - dist_train_voc_seg_neg.py - INFO: val cls score: 0.920047
2023-05-10 00:45:08,518 - dist_train_voc_seg_neg.py - INFO: 
+--------------+--------+---------+----------+
|    Class     |  CAM   | aux_CAM | Seg_Pred |
+==============+========+=========+==========+
| _background_ | 89.899 | 86.944  | 89.623   |
+--------------+--------+---------+----------+
| aeroplane    | 76.437 | 76.190  | 78.824   |
+--------------+--------+---------+----------+
| bicycle      | 34.039 | 33.847  | 35.539   |
+--------------+--------+---------+----------+
| bird         | 78.979 | 74.283  | 79.321   |
+--------------+--------+---------+----------+
| boat         | 55.788 | 58.453  | 55.481   |
+--------------+--------+---------+----------+
| bottle       | 71.984 | 59.638  | 71.519   |
+--------------+--------+---------+----------+
| bus          | 82.326 | 74.784  | 82.106   |
+--------------+--------+---------+----------+
| car          | 79.814 | 63.955  | 76.963   |
+--------------+--------+---------+----------+
| cat          | 85.387 | 60.016  | 88.263   |
+--------------+--------+---------+----------+
| chair        | 46.034 | 39.874  | 24.943   |
+--------------+--------+---------+----------+
| cow          | 87.207 | 64.811  | 85.454   |
+--------------+--------+---------+----------+
| diningtable  | 60.766 | 56.180  | 56.101   |
+--------------+--------+---------+----------+
| dog          | 87.605 | 71.956  | 84.461   |
+--------------+--------+---------+----------+
| horse        | 81.647 | 64.034  | 80.733   |
+--------------+--------+---------+----------+
| motorbike    | 76.776 | 65.385  | 74.274   |
+--------------+--------+---------+----------+
| person       | 80.068 | 71.838  | 77.010   |
+--------------+--------+---------+----------+
| pottedplant  | 62.393 | 66.508  | 56.029   |
+--------------+--------+---------+----------+
| sheep        | 83.052 | 66.781  | 83.226   |
+--------------+--------+---------+----------+
| sofa         | 65.310 | 64.658  | 44.824   |
+--------------+--------+---------+----------+
| train        | 57.639 | 45.952  | 57.754   |
+--------------+--------+---------+----------+
| tvmonitor    | 47.293 | 55.278  | 47.539   |
+--------------+--------+---------+----------+
| mIoU         | 70.974 | 62.922  | 68.095   |
+--------------+--------+---------+----------+
2023-05-10 00:46:33,489 - dist_train_voc_seg_neg.py - INFO: Iter: 18200; Elasped: 2:32:41; ETA: 0:15:06; LR: 6.874e-06; cls_loss: 0.0380, cls_loss_aux: 0.0376, aff_loss: 0.2189, mcc_loss: 0.1649, seg_loss: 0.1230...
2023-05-10 00:47:56,506 - dist_train_voc_seg_neg.py - INFO: Iter: 18400; Elasped: 2:34:04; ETA: 0:13:23; LR: 6.183e-06; cls_loss: 0.0416, cls_loss_aux: 0.0420, aff_loss: 0.2135, mcc_loss: 0.1120, seg_loss: 0.1667...
2023-05-10 00:49:22,359 - dist_train_voc_seg_neg.py - INFO: Iter: 18600; Elasped: 2:35:30; ETA: 0:11:42; LR: 5.483e-06; cls_loss: 0.0411, cls_loss_aux: 0.0403, aff_loss: 0.2271, mcc_loss: 0.1353, seg_loss: 0.0925...
2023-05-10 00:50:45,286 - dist_train_voc_seg_neg.py - INFO: Iter: 18800; Elasped: 2:36:53; ETA: 0:10:00; LR: 4.773e-06; cls_loss: 0.0342, cls_loss_aux: 0.0353, aff_loss: 0.2092, mcc_loss: 0.1408, seg_loss: 0.1034...
2023-05-10 00:52:08,077 - dist_train_voc_seg_neg.py - INFO: Iter: 19000; Elasped: 2:38:16; ETA: 0:08:19; LR: 4.051e-06; cls_loss: 0.0318, cls_loss_aux: 0.0323, aff_loss: 0.2185, mcc_loss: 0.1226, seg_loss: 0.1012...
2023-05-10 00:53:30,775 - dist_train_voc_seg_neg.py - INFO: Iter: 19200; Elasped: 2:39:38; ETA: 0:06:39; LR: 3.315e-06; cls_loss: 0.0429, cls_loss_aux: 0.0409, aff_loss: 0.2411, mcc_loss: 0.1302, seg_loss: 0.1094...
2023-05-10 00:54:53,506 - dist_train_voc_seg_neg.py - INFO: Iter: 19400; Elasped: 2:41:01; ETA: 0:04:58; LR: 2.560e-06; cls_loss: 0.0279, cls_loss_aux: 0.0301, aff_loss: 0.2597, mcc_loss: 0.1121, seg_loss: 0.1240...
2023-05-10 00:56:16,195 - dist_train_voc_seg_neg.py - INFO: Iter: 19600; Elasped: 2:42:24; ETA: 0:03:18; LR: 1.779e-06; cls_loss: 0.0365, cls_loss_aux: 0.0382, aff_loss: 0.2114, mcc_loss: 0.1547, seg_loss: 0.1035...
2023-05-10 00:57:38,821 - dist_train_voc_seg_neg.py - INFO: Iter: 19800; Elasped: 2:43:46; ETA: 0:01:39; LR: 9.552e-07; cls_loss: 0.0310, cls_loss_aux: 0.0310, aff_loss: 0.2093, mcc_loss: 0.1841, seg_loss: 0.1064...
2023-05-10 00:59:01,551 - dist_train_voc_seg_neg.py - INFO: Iter: 20000; Elasped: 2:45:09; ETA: 0:00:00; LR: 8.077e-09; cls_loss: 0.0419, cls_loss_aux: 0.0395, aff_loss: 0.2568, mcc_loss: 0.1615, seg_loss: 0.1527...
2023-05-10 00:59:01,551 - dist_train_voc_seg_neg.py - INFO: Validating...
2023-05-10 01:01:55,648 - dist_train_voc_seg_neg.py - INFO: val cls score: 0.917672
2023-05-10 01:01:55,648 - dist_train_voc_seg_neg.py - INFO: 
+--------------+--------+---------+----------+
|    Class     |  CAM   | aux_CAM | Seg_Pred |
+==============+========+=========+==========+
| _background_ | 90.116 | 86.859  | 89.831   |
+--------------+--------+---------+----------+
| aeroplane    | 78.597 | 75.667  | 80.473   |
+--------------+--------+---------+----------+
| bicycle      | 34.653 | 33.647  | 34.967   |
+--------------+--------+---------+----------+
| bird         | 78.958 | 73.593  | 79.749   |
+--------------+--------+---------+----------+
| boat         | 61.817 | 59.478  | 61.642   |
+--------------+--------+---------+----------+
| bottle       | 72.484 | 57.920  | 71.951   |
+--------------+--------+---------+----------+
| bus          | 83.115 | 75.317  | 82.471   |
+--------------+--------+---------+----------+
| car          | 80.879 | 65.824  | 78.124   |
+--------------+--------+---------+----------+
| cat          | 84.517 | 59.166  | 87.955   |
+--------------+--------+---------+----------+
| chair        | 47.541 | 41.273  | 27.545   |
+--------------+--------+---------+----------+
| cow          | 83.743 | 58.981  | 85.816   |
+--------------+--------+---------+----------+
| diningtable  | 59.628 | 54.433  | 53.963   |
+--------------+--------+---------+----------+
| dog          | 85.971 | 72.544  | 83.828   |
+--------------+--------+---------+----------+
| horse        | 82.572 | 65.515  | 82.460   |
+--------------+--------+---------+----------+
| motorbike    | 77.384 | 64.729  | 74.734   |
+--------------+--------+---------+----------+
| person       | 77.153 | 68.114  | 73.934   |
+--------------+--------+---------+----------+
| pottedplant  | 63.323 | 65.676  | 55.845   |
+--------------+--------+---------+----------+
| sheep        | 84.065 | 65.479  | 83.402   |
+--------------+--------+---------+----------+
| sofa         | 63.883 | 64.163  | 43.720   |
+--------------+--------+---------+----------+
| train        | 57.363 | 45.832  | 57.706   |
+--------------+--------+---------+----------+
| tvmonitor    | 50.344 | 58.374  | 50.152   |
+--------------+--------+---------+----------+
| mIoU         | 71.338 | 62.504  | 68.584   |
+--------------+--------+---------+----------+
